c:\users\dell\source\repos\mysolver\openfast_mywat-1\vs-build\registry\release\vc142.pdb
c:\users\dell\source\repos\mysolver\openfast_mywat-1\vs-build\registry\release\type.obj
c:\users\dell\source\repos\mysolver\openfast_mywat-1\vs-build\registry\release\symtab_gen.obj
c:\users\dell\source\repos\mysolver\openfast_mywat-1\vs-build\registry\release\sym.obj
c:\users\dell\source\repos\mysolver\openfast_mywat-1\vs-build\registry\release\reg_parse.obj
c:\users\dell\source\repos\mysolver\openfast_mywat-1\vs-build\registry\release\registry.obj
c:\users\dell\source\repos\mysolver\openfast_mywat-1\vs-build\registry\release\my_strtok.obj
c:\users\dell\source\repos\mysolver\openfast_mywat-1\vs-build\registry\release\misc.obj
c:\users\dell\source\repos\mysolver\openfast_mywat-1\vs-build\registry\release\gen_module_files.obj
c:\users\dell\source\repos\mysolver\openfast_mywat-1\vs-build\registry\release\gen_c_types.obj
c:\users\dell\source\repos\mysolver\openfast_mywat-1\vs-build\registry\release\data.obj
c:\users\dell\source\repos\mysolver\openfast_mywat-1\build\bin\registry.exe
c:\users\dell\source\repos\mysolver\openfast_mywat-1\vs-build\registry\release\registry.ipdb
c:\users\dell\source\repos\mysolver\openfast_mywat-1\vs-build\registry\release\registry.iobj
c:\users\dell\source\repos\mysolver\openfast_mywat-1\build\bin\registry.pdb
c:\users\dell\source\repos\mysolver\openfast_mywat-1\vs-build\registry\release\fast_registry.tlog\cl.command.1.tlog
c:\users\dell\source\repos\mysolver\openfast_mywat-1\vs-build\registry\release\fast_registry.tlog\cl.read.1.tlog
c:\users\dell\source\repos\mysolver\openfast_mywat-1\vs-build\registry\release\fast_registry.tlog\cl.write.1.tlog
c:\users\dell\source\repos\mysolver\openfast_mywat-1\vs-build\registry\release\fast_registry.tlog\link.command.1.tlog
c:\users\dell\source\repos\mysolver\openfast_mywat-1\vs-build\registry\release\fast_registry.tlog\link.read.1.tlog
c:\users\dell\source\repos\mysolver\openfast_mywat-1\vs-build\registry\release\fast_registry.tlog\link.write.1.tlog
